Sat Dec 11 2021 13:22:01 GMT+0000 (Greenwich Mean Time) - Error (Spawn Terminator_en) {"google_free":"Text translation request failed"}
Sat Dec 11 2021 13:22:01 GMT+0000 (Greenwich Mean Time) - Error (, but they respawned!_en) {"google_free":"Text translation request failed"}
Sat Dec 11 2021 13:22:01 GMT+0000 (Greenwich Mean Time) - Error (Dummy_en) {"google_free":"Text translation request failed"}
Sat Dec 11 2021 13:22:01 GMT+0000 (Greenwich Mean Time) - Error (Terminator_en) {"google_free":"Text translation request failed"}
Sat Dec 11 2021 13:22:01 GMT+0000 (Greenwich Mean Time) - Error (Terminator_en) {"google_free":"Text translation request failed"}
Sat Dec 11 2021 13:22:03 GMT+0000 (Greenwich Mean Time) - Error (Terminator_de) {"google_free":"Text translation request failed"}
Sat Dec 11 2021 13:22:03 GMT+0000 (Greenwich Mean Time) - Error (, but they respawned!_de) {"google_free":"Text translation request failed"}
Sat Dec 11 2021 13:22:03 GMT+0000 (Greenwich Mean Time) - Error (Terminator_de) {"google_free":"Text translation request failed"}
Sat Dec 11 2021 13:22:03 GMT+0000 (Greenwich Mean Time) - Error (Dummy_de) {"google_free":"Text translation request failed"}
Sat Dec 11 2021 13:22:03 GMT+0000 (Greenwich Mean Time) - Error (Spawn Terminator_de) {"google_free":"Text translation request failed"}
Sat Dec 11 2021 13:22:05 GMT+0000 (Greenwich Mean Time) - Error (Dummy_es) {"google_free":"Text translation request failed"}
Sat Dec 11 2021 13:22:05 GMT+0000 (Greenwich Mean Time) - Error (, but they respawned!_es) {"google_free":"Text translation request failed"}
Sat Dec 11 2021 13:22:05 GMT+0000 (Greenwich Mean Time) - Error (Terminator_es) {"google_free":"Text translation request failed"}
Sat Dec 11 2021 13:22:05 GMT+0000 (Greenwich Mean Time) - Error (Terminator_es) {"google_free":"Text translation request failed"}
Sat Dec 11 2021 13:22:05 GMT+0000 (Greenwich Mean Time) - Error (Spawn Terminator_es) {"google_free":"Text translation request failed"}
Sat Dec 11 2021 13:22:07 GMT+0000 (Greenwich Mean Time) - Error (Dummy_fr) {"google_free":"Text translation request failed"}
Sat Dec 11 2021 13:22:07 GMT+0000 (Greenwich Mean Time) - Error (Spawn Terminator_fr) {"google_free":"Text translation request failed"}
Sat Dec 11 2021 13:22:07 GMT+0000 (Greenwich Mean Time) - Error (Terminator_fr) {"google_free":"Text translation request failed"}
Sat Dec 11 2021 13:22:07 GMT+0000 (Greenwich Mean Time) - Error (Terminator_fr) {"google_free":"Text translation request failed"}
Sat Dec 11 2021 13:22:07 GMT+0000 (Greenwich Mean Time) - Error (, but they respawned!_fr) {"google_free":"Text translation request failed"}
Sat Dec 11 2021 13:22:09 GMT+0000 (Greenwich Mean Time) - Error (Terminator_it) {"google_free":"Text translation request failed"}
Sat Dec 11 2021 13:22:09 GMT+0000 (Greenwich Mean Time) - Error (Spawn Terminator_it) {"google_free":"Text translation request failed"}
Sat Dec 11 2021 13:22:09 GMT+0000 (Greenwich Mean Time) - Error (Terminator_it) {"google_free":"Text translation request failed"}
Sat Dec 11 2021 13:22:09 GMT+0000 (Greenwich Mean Time) - Error (, but they respawned!_it) {"google_free":"Text translation request failed"}
Sat Dec 11 2021 13:22:09 GMT+0000 (Greenwich Mean Time) - Error (Dummy_it) {"google_free":"Text translation request failed"}
Sat Dec 11 2021 13:22:11 GMT+0000 (Greenwich Mean Time) - Error (, but they respawned!_ja) {"google_free":"Text translation request failed"}
Sat Dec 11 2021 13:22:11 GMT+0000 (Greenwich Mean Time) - Error (Terminator_ja) {"google_free":"Text translation request failed"}
Sat Dec 11 2021 13:22:11 GMT+0000 (Greenwich Mean Time) - Error (Dummy_ja) {"google_free":"Text translation request failed"}
Sat Dec 11 2021 13:22:11 GMT+0000 (Greenwich Mean Time) - Error (Terminator_ja) {"google_free":"Text translation request failed"}
Sat Dec 11 2021 13:22:11 GMT+0000 (Greenwich Mean Time) - Error (Spawn Terminator_ja) {"google_free":"Text translation request failed"}
Sat Dec 11 2021 13:22:13 GMT+0000 (Greenwich Mean Time) - Error (, but they respawned!_ko) {"google_free":"Text translation request failed"}
Sat Dec 11 2021 13:22:13 GMT+0000 (Greenwich Mean Time) - Error (Terminator_ko) {"google_free":"Text translation request failed"}
Sat Dec 11 2021 13:22:13 GMT+0000 (Greenwich Mean Time) - Error (Spawn Terminator_ko) {"google_free":"Text translation request failed"}
Sat Dec 11 2021 13:22:13 GMT+0000 (Greenwich Mean Time) - Error (Terminator_ko) {"google_free":"Text translation request failed"}
Sat Dec 11 2021 13:22:13 GMT+0000 (Greenwich Mean Time) - Error (Dummy_ko) {"google_free":"Text translation request failed"}
Sat Dec 11 2021 13:22:15 GMT+0000 (Greenwich Mean Time) - Error (Spawn Terminator_pt) {"google_free":"Text translation request failed"}
Sat Dec 11 2021 13:22:15 GMT+0000 (Greenwich Mean Time) - Error (Terminator_pt) {"google_free":"Text translation request failed"}
Sat Dec 11 2021 13:22:15 GMT+0000 (Greenwich Mean Time) - Error (Terminator_pt) {"google_free":"Text translation request failed"}
Sat Dec 11 2021 13:22:15 GMT+0000 (Greenwich Mean Time) - Error (Dummy_pt) {"google_free":"Text translation request failed"}
Sat Dec 11 2021 13:22:15 GMT+0000 (Greenwich Mean Time) - Error (, but they respawned!_pt) {"google_free":"Text translation request failed"}
Sat Dec 11 2021 13:22:17 GMT+0000 (Greenwich Mean Time) - Error (Dummy_ru) {"google_free":"Text translation request failed"}
Sat Dec 11 2021 13:22:17 GMT+0000 (Greenwich Mean Time) - Error (Terminator_ru) {"google_free":"Text translation request failed"}
Sat Dec 11 2021 13:22:17 GMT+0000 (Greenwich Mean Time) - Error (, but they respawned!_ru) {"google_free":"Text translation request failed"}
Sat Dec 11 2021 13:22:17 GMT+0000 (Greenwich Mean Time) - Error (Spawn Terminator_ru) {"google_free":"Text translation request failed"}
Sat Dec 11 2021 13:22:17 GMT+0000 (Greenwich Mean Time) - Error (Terminator_ru) {"google_free":"Text translation request failed"}
Sat Dec 11 2021 13:22:19 GMT+0000 (Greenwich Mean Time) - Error (Terminator_zh-cn) {"google_free":"Text translation request failed"}
Sat Dec 11 2021 13:22:19 GMT+0000 (Greenwich Mean Time) - Error (, but they respawned!_zh-cn) {"google_free":"Text translation request failed"}
Sat Dec 11 2021 13:22:19 GMT+0000 (Greenwich Mean Time) - Error (Dummy_zh-cn) {"google_free":"Text translation request failed"}
Sat Dec 11 2021 13:22:19 GMT+0000 (Greenwich Mean Time) - Error (Spawn Terminator_zh-cn) {"google_free":"Text translation request failed"}
Sat Dec 11 2021 13:22:19 GMT+0000 (Greenwich Mean Time) - Error (Terminator_zh-cn) {"google_free":"Text translation request failed"}
Sat Dec 11 2021 13:22:21 GMT+0000 (Greenwich Mean Time) - Error (Dummy_zh-tw) {"google_free":"Text translation request failed"}
Sat Dec 11 2021 13:22:21 GMT+0000 (Greenwich Mean Time) - Error (Terminator_zh-tw) {"google_free":"Text translation request failed"}
Sat Dec 11 2021 13:22:21 GMT+0000 (Greenwich Mean Time) - Error (Terminator_zh-tw) {"google_free":"Text translation request failed"}
Sat Dec 11 2021 13:22:21 GMT+0000 (Greenwich Mean Time) - Error (, but they respawned!_zh-tw) {"google_free":"Text translation request failed"}
Sat Dec 11 2021 13:22:21 GMT+0000 (Greenwich Mean Time) - Error (Spawn Terminator_zh-tw) {"google_free":"Text translation request failed"}
Sat Dec 11 2021 13:22:23 GMT+0000 (Greenwich Mean Time) - Error (Terminator_nl) {"google_free":"Text translation request failed"}
Sat Dec 11 2021 13:22:23 GMT+0000 (Greenwich Mean Time) - Error (Terminator_nl) {"google_free":"Text translation request failed"}
Sat Dec 11 2021 13:22:23 GMT+0000 (Greenwich Mean Time) - Error (Dummy_nl) {"google_free":"Text translation request failed"}
Sat Dec 11 2021 13:22:23 GMT+0000 (Greenwich Mean Time) - Error (Spawn Terminator_nl) {"google_free":"Text translation request failed"}
Sat Dec 11 2021 13:22:23 GMT+0000 (Greenwich Mean Time) - Error (, but they respawned!_nl) {"google_free":"Text translation request failed"}
Sat Dec 11 2021 13:22:25 GMT+0000 (Greenwich Mean Time) - Error (Terminator_bg) {"google_free":"Text translation request failed"}
Sat Dec 11 2021 13:22:25 GMT+0000 (Greenwich Mean Time) - Error (Dummy_bg) {"google_free":"Text translation request failed"}
Sat Dec 11 2021 13:22:25 GMT+0000 (Greenwich Mean Time) - Error (Spawn Terminator_bg) {"google_free":"Text translation request failed"}
Sat Dec 11 2021 13:22:25 GMT+0000 (Greenwich Mean Time) - Error (, but they respawned!_bg) {"google_free":"Text translation request failed"}
Sat Dec 11 2021 13:22:25 GMT+0000 (Greenwich Mean Time) - Error (Terminator_bg) {"google_free":"Text translation request failed"}
Sat Dec 11 2021 13:22:27 GMT+0000 (Greenwich Mean Time) - Error (Terminator_cs) {"google_free":"Text translation request failed"}
Sat Dec 11 2021 13:22:27 GMT+0000 (Greenwich Mean Time) - Error (, but they respawned!_cs) {"google_free":"Text translation request failed"}
Sat Dec 11 2021 13:22:27 GMT+0000 (Greenwich Mean Time) - Error (Spawn Terminator_cs) {"google_free":"Text translation request failed"}
Sat Dec 11 2021 13:22:27 GMT+0000 (Greenwich Mean Time) - Error (Terminator_cs) {"google_free":"Text translation request failed"}
Sat Dec 11 2021 13:22:27 GMT+0000 (Greenwich Mean Time) - Error (Dummy_cs) {"google_free":"Text translation request failed"}
Sat Dec 11 2021 13:22:29 GMT+0000 (Greenwich Mean Time) - Error (Terminator_da) {"google_free":"Text translation request failed"}
Sat Dec 11 2021 13:22:29 GMT+0000 (Greenwich Mean Time) - Error (Terminator_da) {"google_free":"Text translation request failed"}
Sat Dec 11 2021 13:22:29 GMT+0000 (Greenwich Mean Time) - Error (, but they respawned!_da) {"google_free":"Text translation request failed"}
Sat Dec 11 2021 13:22:29 GMT+0000 (Greenwich Mean Time) - Error (Spawn Terminator_da) {"google_free":"Text translation request failed"}
Sat Dec 11 2021 13:22:29 GMT+0000 (Greenwich Mean Time) - Error (Dummy_da) {"google_free":"Text translation request failed"}
Sat Dec 11 2021 13:22:31 GMT+0000 (Greenwich Mean Time) - Error (, but they respawned!_el) {"google_free":"Text translation request failed"}
Sat Dec 11 2021 13:22:31 GMT+0000 (Greenwich Mean Time) - Error (Spawn Terminator_el) {"google_free":"Text translation request failed"}
Sat Dec 11 2021 13:22:31 GMT+0000 (Greenwich Mean Time) - Error (Terminator_el) {"google_free":"Text translation request failed"}
Sat Dec 11 2021 13:22:31 GMT+0000 (Greenwich Mean Time) - Error (Terminator_el) {"google_free":"Text translation request failed"}
Sat Dec 11 2021 13:22:31 GMT+0000 (Greenwich Mean Time) - Error (Dummy_el) {"google_free":"Text translation request failed"}
Sat Dec 11 2021 13:22:33 GMT+0000 (Greenwich Mean Time) - Error (, but they respawned!_fi) {"google_free":"Text translation request failed"}
Sat Dec 11 2021 13:22:33 GMT+0000 (Greenwich Mean Time) - Error (Dummy_fi) {"google_free":"Text translation request failed"}
Sat Dec 11 2021 13:22:33 GMT+0000 (Greenwich Mean Time) - Error (Spawn Terminator_fi) {"google_free":"Text translation request failed"}
Sat Dec 11 2021 13:22:33 GMT+0000 (Greenwich Mean Time) - Error (Terminator_fi) {"google_free":"Text translation request failed"}
Sat Dec 11 2021 13:22:33 GMT+0000 (Greenwich Mean Time) - Error (Terminator_fi) {"google_free":"Text translation request failed"}
Sat Dec 11 2021 13:22:35 GMT+0000 (Greenwich Mean Time) - Error (Terminator_hu) {"google_free":"Text translation request failed"}
Sat Dec 11 2021 13:22:35 GMT+0000 (Greenwich Mean Time) - Error (Terminator_hu) {"google_free":"Text translation request failed"}
Sat Dec 11 2021 13:22:35 GMT+0000 (Greenwich Mean Time) - Error (Dummy_hu) {"google_free":"Text translation request failed"}
Sat Dec 11 2021 13:22:35 GMT+0000 (Greenwich Mean Time) - Error (, but they respawned!_hu) {"google_free":"Text translation request failed"}
Sat Dec 11 2021 13:22:35 GMT+0000 (Greenwich Mean Time) - Error (Spawn Terminator_hu) {"google_free":"Text translation request failed"}
Sat Dec 11 2021 13:22:37 GMT+0000 (Greenwich Mean Time) - Error (Dummy_id) {"google_free":"Text translation request failed"}
Sat Dec 11 2021 13:22:37 GMT+0000 (Greenwich Mean Time) - Error (, but they respawned!_id) {"google_free":"Text translation request failed"}
Sat Dec 11 2021 13:22:37 GMT+0000 (Greenwich Mean Time) - Error (Terminator_id) {"google_free":"Text translation request failed"}
Sat Dec 11 2021 13:22:37 GMT+0000 (Greenwich Mean Time) - Error (Terminator_id) {"google_free":"Text translation request failed"}
Sat Dec 11 2021 13:22:37 GMT+0000 (Greenwich Mean Time) - Error (Spawn Terminator_id) {"google_free":"Text translation request failed"}
Sat Dec 11 2021 13:22:39 GMT+0000 (Greenwich Mean Time) - Error (Dummy_no) {"google_free":"Text translation request failed"}
Sat Dec 11 2021 13:22:39 GMT+0000 (Greenwich Mean Time) - Error (Terminator_no) {"google_free":"Text translation request failed"}
Sat Dec 11 2021 13:22:39 GMT+0000 (Greenwich Mean Time) - Error (Spawn Terminator_no) {"google_free":"Text translation request failed"}
Sat Dec 11 2021 13:22:39 GMT+0000 (Greenwich Mean Time) - Error (Terminator_no) {"google_free":"Text translation request failed"}
Sat Dec 11 2021 13:22:39 GMT+0000 (Greenwich Mean Time) - Error (, but they respawned!_no) {"google_free":"Text translation request failed"}
Sat Dec 11 2021 13:22:41 GMT+0000 (Greenwich Mean Time) - Error (Spawn Terminator_pl) {"google_free":"Text translation request failed"}
Sat Dec 11 2021 13:22:41 GMT+0000 (Greenwich Mean Time) - Error (Terminator_pl) {"google_free":"Text translation request failed"}
Sat Dec 11 2021 13:22:41 GMT+0000 (Greenwich Mean Time) - Error (Terminator_pl) {"google_free":"Text translation request failed"}
Sat Dec 11 2021 13:22:41 GMT+0000 (Greenwich Mean Time) - Error (, but they respawned!_pl) {"google_free":"Text translation request failed"}
Sat Dec 11 2021 13:22:41 GMT+0000 (Greenwich Mean Time) - Error (Dummy_pl) {"google_free":"Text translation request failed"}
Sat Dec 11 2021 13:22:43 GMT+0000 (Greenwich Mean Time) - Error (Dummy_sk) {"google_free":"Text translation request failed"}
Sat Dec 11 2021 13:22:43 GMT+0000 (Greenwich Mean Time) - Error (, but they respawned!_sk) {"google_free":"Text translation request failed"}
Sat Dec 11 2021 13:22:43 GMT+0000 (Greenwich Mean Time) - Error (Terminator_sk) {"google_free":"Text translation request failed"}
Sat Dec 11 2021 13:22:43 GMT+0000 (Greenwich Mean Time) - Error (Terminator_sk) {"google_free":"Text translation request failed"}
Sat Dec 11 2021 13:22:43 GMT+0000 (Greenwich Mean Time) - Error (Spawn Terminator_sk) {"google_free":"Text translation request failed"}
Sat Dec 11 2021 13:22:45 GMT+0000 (Greenwich Mean Time) - Error (Dummy_sv) {"google_free":"Text translation request failed"}
Sat Dec 11 2021 13:22:45 GMT+0000 (Greenwich Mean Time) - Error (, but they respawned!_sv) {"google_free":"Text translation request failed"}
Sat Dec 11 2021 13:22:45 GMT+0000 (Greenwich Mean Time) - Error (Terminator_sv) {"google_free":"Text translation request failed"}
Sat Dec 11 2021 13:22:45 GMT+0000 (Greenwich Mean Time) - Error (Spawn Terminator_sv) {"google_free":"Text translation request failed"}
Sat Dec 11 2021 13:22:45 GMT+0000 (Greenwich Mean Time) - Error (Terminator_sv) {"google_free":"Text translation request failed"}
Sat Dec 11 2021 13:22:47 GMT+0000 (Greenwich Mean Time) - Error (Terminator_tr) {"google_free":"Text translation request failed"}
Sat Dec 11 2021 13:22:47 GMT+0000 (Greenwich Mean Time) - Error (Terminator_tr) {"google_free":"Text translation request failed"}
Sat Dec 11 2021 13:22:47 GMT+0000 (Greenwich Mean Time) - Error (Dummy_tr) {"google_free":"Text translation request failed"}
Sat Dec 11 2021 13:22:47 GMT+0000 (Greenwich Mean Time) - Error (Spawn Terminator_tr) {"google_free":"Text translation request failed"}
Sat Dec 11 2021 13:22:47 GMT+0000 (Greenwich Mean Time) - Error (, but they respawned!_tr) {"google_free":"Text translation request failed"}
Sat Dec 11 2021 13:22:49 GMT+0000 (Greenwich Mean Time) - Error (Terminator_uk) {"google_free":"Text translation request failed"}
Sat Dec 11 2021 13:22:49 GMT+0000 (Greenwich Mean Time) - Error (Dummy_uk) {"google_free":"Text translation request failed"}
Sat Dec 11 2021 13:22:49 GMT+0000 (Greenwich Mean Time) - Error (, but they respawned!_uk) {"google_free":"Text translation request failed"}
Sat Dec 11 2021 13:22:49 GMT+0000 (Greenwich Mean Time) - Error (Terminator_uk) {"google_free":"Text translation request failed"}
Sat Dec 11 2021 13:22:49 GMT+0000 (Greenwich Mean Time) - Error (Spawn Terminator_uk) {"google_free":"Text translation request failed"}
